<?xml version="1.0" encoding="UTF-8"?>
<testsuite xmlns:xsi="http://www.w3.org/2001/XMLSchema-instance" xsi:noNamespaceSchemaLocation="https://maven.apache.org/surefire/maven-surefire-plugin/xsd/surefire-test-report.xsd" name="examples.ExamplesTest" time="2.959" tests="3" errors="0" skipped="0" failures="0">
  <properties>
[...]
</properties>
  <testcase name="testAll[1][1]" classname="examples.ExamplesTest" time="1.07"/>
  <testcase name="testAll[1][2]" classname="examples.ExamplesTest" time="0.251"/>
  <testcase name="testAll[1][3]" classname="examples.ExamplesTest" time="0.339"/>
</testsuite>